<?xml version="1.0" encoding="UTF-8"?>
<!-- Generated by org.testng.reporters.JUnitReportReporter -->
<testsuite hostname="ananda-PC" failures="0" tests="4" name="DataProvider.DataProviderParallel" time="408.510" errors="4" timestamp="2021-06-26T21:57:36 IST" skipped="0">
  <testcase classname="DataProvider.DataProviderParallel" name="login" time="102.075">
    <error message="unknown error: DevToolsActivePort file doesn&#039;t exist
Build info: version: &#039;3.141.59&#039;, revision: &#039;e82be7d358&#039;, time: &#039;2018-11-14T08:25:48&#039;
System info: host: &#039;ANANDA-PC&#039;, ip: &#039;192.168.43.56&#039;, os.name: &#039;Windows 10&#039;, os.arch: &#039;amd64&#039;, os.version: &#039;10.0&#039;, java.version: &#039;15.0.1&#039;
Driver info: driver.version: ChromeDriver
remote stacktrace: Backtrace:
	Ordinal0 [0x00B33733+2504499]
	Ordinal0 [0x00ACC401+2081793]
	Ordinal0 [0x009D2628+1058344]
	Ordinal0 [0x009EFA12+1178130]
	Ordinal0 [0x009EC366+1164134]
	Ordinal0 [0x009E9DC3+1154499]
	Ordinal0 [0x00A19B82+1350530]
	Ordinal0 [0x00A197DA+1349594]
	Ordinal0 [0x00A15D4B+1334603]
	Ordinal0 [0x009F22B4+1188532]
	Ordinal0 [0x009F3149+1192265]
	GetHandleVerifier [0x00CAFB8C+1512252]
	GetHandleVerifier [0x00D5B0DF+2214031]
	GetHandleVerifier [0x00BB4BC3+484211]
	GetHandleVerifier [0x00BB3E69+480793]
	Ordinal0 [0x00AD218D+2105741]
	Ordinal0 [0x00AD66E8+2123496]
	Ordinal0 [0x00AD6827+2123815]
	Ordinal0 [0x00ADFB73+2161523]
	BaseThreadInitThunk [0x752C6359+25]
	RtlGetAppContainerNamedObjectPath [0x76F087A4+228]
	RtlGetAppContainerNamedObjectPath [0x76F08774+180]
" type="org.openqa.selenium.WebDriverException">
      <![CDATA[org.openqa.selenium.WebDriverException: unknown error: DevToolsActivePort file doesn't exist
Build info: version: '3.141.59', revision: 'e82be7d358', time: '2018-11-14T08:25:48'
System info: host: 'ANANDA-PC', ip: '192.168.43.56', os.name: 'Windows 10', os.arch: 'amd64', os.version: '10.0', java.version: '15.0.1'
Driver info: driver.version: ChromeDriver
remote stacktrace: Backtrace:
Ordinal0 [0x00B33733+2504499]
Ordinal0 [0x00ACC401+2081793]
Ordinal0 [0x009D2628+1058344]
Ordinal0 [0x009EFA12+1178130]
Ordinal0 [0x009EC366+1164134]
Ordinal0 [0x009E9DC3+1154499]
Ordinal0 [0x00A19B82+1350530]
Ordinal0 [0x00A197DA+1349594]
Ordinal0 [0x00A15D4B+1334603]
Ordinal0 [0x009F22B4+1188532]
Ordinal0 [0x009F3149+1192265]
GetHandleVerifier [0x00CAFB8C+1512252]
GetHandleVerifier [0x00D5B0DF+2214031]
GetHandleVerifier [0x00BB4BC3+484211]
GetHandleVerifier [0x00BB3E69+480793]
Ordinal0 [0x00AD218D+2105741]
Ordinal0 [0x00AD66E8+2123496]
Ordinal0 [0x00AD6827+2123815]
Ordinal0 [0x00ADFB73+2161523]
BaseThreadInitThunk [0x752C6359+25]
RtlGetAppContainerNamedObjectPath [0x76F087A4+228]
RtlGetAppContainerNamedObjectPath [0x76F08774+180]

at java.base/jdk.internal.reflect.NativeConstructorAccessorImpl.newInstance0(Native Method)
at java.base/jdk.internal.reflect.NativeConstructorAccessorImpl.newInstance(NativeConstructorAccessorImpl.java:64)
at java.base/jdk.internal.reflect.DelegatingConstructorAccessorImpl.newInstance(DelegatingConstructorAccessorImpl.java:45)
at java.base/java.lang.reflect.Constructor.newInstanceWithCaller(Constructor.java:500)
at java.base/java.lang.reflect.Constructor.newInstance(Constructor.java:481)
at org.openqa.selenium.remote.W3CHandshakeResponse.lambda$errorHandler$0(W3CHandshakeResponse.java:62)
at org.openqa.selenium.remote.HandshakeResponse.lambda$getResponseFunction$0(HandshakeResponse.java:30)
at org.openqa.selenium.remote.ProtocolHandshake.lambda$createSession$0(ProtocolHandshake.java:126)
at java.base/java.util.stream.ReferencePipeline$3$1.accept(ReferencePipeline.java:195)
at java.base/java.util.Spliterators$ArraySpliterator.tryAdvance(Spliterators.java:958)
at java.base/java.util.stream.ReferencePipeline.forEachWithCancel(ReferencePipeline.java:127)
at java.base/java.util.stream.AbstractPipeline.copyIntoWithCancel(AbstractPipeline.java:502)
at java.base/java.util.stream.AbstractPipeline.copyInto(AbstractPipeline.java:488)
at java.base/java.util.stream.AbstractPipeline.wrapAndCopyInto(AbstractPipeline.java:474)
at java.base/java.util.stream.FindOps$FindOp.evaluateSequential(FindOps.java:150)
at java.base/java.util.stream.AbstractPipeline.evaluate(AbstractPipeline.java:234)
at java.base/java.util.stream.ReferencePipeline.findFirst(ReferencePipeline.java:543)
at org.openqa.selenium.remote.ProtocolHandshake.createSession(ProtocolHandshake.java:128)
at org.openqa.selenium.remote.ProtocolHandshake.createSession(ProtocolHandshake.java:74)
at org.openqa.selenium.remote.HttpCommandExecutor.execute(HttpCommandExecutor.java:136)
at org.openqa.selenium.remote.service.DriverCommandExecutor.execute(DriverCommandExecutor.java:83)
at org.openqa.selenium.remote.RemoteWebDriver.execute(RemoteWebDriver.java:552)
at org.openqa.selenium.remote.RemoteWebDriver.startSession(RemoteWebDriver.java:213)
at org.openqa.selenium.remote.RemoteWebDriver.<init>(RemoteWebDriver.java:131)
at org.openqa.selenium.chrome.ChromeDriver.<init>(ChromeDriver.java:181)
at org.openqa.selenium.chrome.ChromeDriver.<init>(ChromeDriver.java:168)
at org.openqa.selenium.chrome.ChromeDriver.<init>(ChromeDriver.java:123)
at DataProvider.DataProviderParallel.login(DataProviderParallel.java:37)
at java.base/jdk.internal.reflect.NativeMethodAccessorImpl.invoke0(Native Method)
at java.base/jdk.internal.reflect.NativeMethodAccessorImpl.invoke(NativeMethodAccessorImpl.java:64)
at java.base/jdk.internal.reflect.DelegatingMethodAccessorImpl.invoke(DelegatingMethodAccessorImpl.java:43)
at java.base/java.lang.reflect.Method.invoke(Method.java:564)
at org.testng.internal.MethodInvocationHelper.invokeMethod(MethodInvocationHelper.java:133)
at org.testng.internal.TestInvoker.invokeMethod(TestInvoker.java:598)
at org.testng.internal.TestInvoker.invokeTestMethod(TestInvoker.java:173)
at org.testng.internal.TestMethodWithDataProviderMethodWorker.call(TestMethodWithDataProviderMethodWorker.java:77)
at org.testng.internal.TestMethodWithDataProviderMethodWorker.call(TestMethodWithDataProviderMethodWorker.java:15)
at java.base/java.util.concurrent.FutureTask.run(FutureTask.java:264)
at java.base/java.util.concurrent.Executors$RunnableAdapter.call(Executors.java:515)
at java.base/java.util.concurrent.FutureTask.run(FutureTask.java:264)
at java.base/java.util.concurrent.ThreadPoolExecutor.runWorker(ThreadPoolExecutor.java:1130)
at java.base/java.util.concurrent.ThreadPoolExecutor$Worker.run(ThreadPoolExecutor.java:630)
at java.base/java.lang.Thread.run(Thread.java:832)
]]>
    </error>
  </testcase> <!-- login -->
  <system-out/>
  <testcase classname="DataProvider.DataProviderParallel" name="login" time="102.075">
    <error message="unknown error: DevToolsActivePort file doesn&#039;t exist
Build info: version: &#039;3.141.59&#039;, revision: &#039;e82be7d358&#039;, time: &#039;2018-11-14T08:25:48&#039;
System info: host: &#039;ANANDA-PC&#039;, ip: &#039;192.168.43.56&#039;, os.name: &#039;Windows 10&#039;, os.arch: &#039;amd64&#039;, os.version: &#039;10.0&#039;, java.version: &#039;15.0.1&#039;
Driver info: driver.version: ChromeDriver
remote stacktrace: Backtrace:
	Ordinal0 [0x00B33733+2504499]
	Ordinal0 [0x00ACC401+2081793]
	Ordinal0 [0x009D2628+1058344]
	Ordinal0 [0x009EFA12+1178130]
	Ordinal0 [0x009EC366+1164134]
	Ordinal0 [0x009E9DC3+1154499]
	Ordinal0 [0x00A19B82+1350530]
	Ordinal0 [0x00A197DA+1349594]
	Ordinal0 [0x00A15D4B+1334603]
	Ordinal0 [0x009F22B4+1188532]
	Ordinal0 [0x009F3149+1192265]
	GetHandleVerifier [0x00CAFB8C+1512252]
	GetHandleVerifier [0x00D5B0DF+2214031]
	GetHandleVerifier [0x00BB4BC3+484211]
	GetHandleVerifier [0x00BB3E69+480793]
	Ordinal0 [0x00AD218D+2105741]
	Ordinal0 [0x00AD66E8+2123496]
	Ordinal0 [0x00AD6827+2123815]
	Ordinal0 [0x00ADFB73+2161523]
	BaseThreadInitThunk [0x752C6359+25]
	RtlGetAppContainerNamedObjectPath [0x76F087A4+228]
	RtlGetAppContainerNamedObjectPath [0x76F08774+180]
" type="org.openqa.selenium.WebDriverException">
      <![CDATA[org.openqa.selenium.WebDriverException: unknown error: DevToolsActivePort file doesn't exist
Build info: version: '3.141.59', revision: 'e82be7d358', time: '2018-11-14T08:25:48'
System info: host: 'ANANDA-PC', ip: '192.168.43.56', os.name: 'Windows 10', os.arch: 'amd64', os.version: '10.0', java.version: '15.0.1'
Driver info: driver.version: ChromeDriver
remote stacktrace: Backtrace:
Ordinal0 [0x00B33733+2504499]
Ordinal0 [0x00ACC401+2081793]
Ordinal0 [0x009D2628+1058344]
Ordinal0 [0x009EFA12+1178130]
Ordinal0 [0x009EC366+1164134]
Ordinal0 [0x009E9DC3+1154499]
Ordinal0 [0x00A19B82+1350530]
Ordinal0 [0x00A197DA+1349594]
Ordinal0 [0x00A15D4B+1334603]
Ordinal0 [0x009F22B4+1188532]
Ordinal0 [0x009F3149+1192265]
GetHandleVerifier [0x00CAFB8C+1512252]
GetHandleVerifier [0x00D5B0DF+2214031]
GetHandleVerifier [0x00BB4BC3+484211]
GetHandleVerifier [0x00BB3E69+480793]
Ordinal0 [0x00AD218D+2105741]
Ordinal0 [0x00AD66E8+2123496]
Ordinal0 [0x00AD6827+2123815]
Ordinal0 [0x00ADFB73+2161523]
BaseThreadInitThunk [0x752C6359+25]
RtlGetAppContainerNamedObjectPath [0x76F087A4+228]
RtlGetAppContainerNamedObjectPath [0x76F08774+180]

at java.base/jdk.internal.reflect.NativeConstructorAccessorImpl.newInstance0(Native Method)
at java.base/jdk.internal.reflect.NativeConstructorAccessorImpl.newInstance(NativeConstructorAccessorImpl.java:64)
at java.base/jdk.internal.reflect.DelegatingConstructorAccessorImpl.newInstance(DelegatingConstructorAccessorImpl.java:45)
at java.base/java.lang.reflect.Constructor.newInstanceWithCaller(Constructor.java:500)
at java.base/java.lang.reflect.Constructor.newInstance(Constructor.java:481)
at org.openqa.selenium.remote.W3CHandshakeResponse.lambda$errorHandler$0(W3CHandshakeResponse.java:62)
at org.openqa.selenium.remote.HandshakeResponse.lambda$getResponseFunction$0(HandshakeResponse.java:30)
at org.openqa.selenium.remote.ProtocolHandshake.lambda$createSession$0(ProtocolHandshake.java:126)
at java.base/java.util.stream.ReferencePipeline$3$1.accept(ReferencePipeline.java:195)
at java.base/java.util.Spliterators$ArraySpliterator.tryAdvance(Spliterators.java:958)
at java.base/java.util.stream.ReferencePipeline.forEachWithCancel(ReferencePipeline.java:127)
at java.base/java.util.stream.AbstractPipeline.copyIntoWithCancel(AbstractPipeline.java:502)
at java.base/java.util.stream.AbstractPipeline.copyInto(AbstractPipeline.java:488)
at java.base/java.util.stream.AbstractPipeline.wrapAndCopyInto(AbstractPipeline.java:474)
at java.base/java.util.stream.FindOps$FindOp.evaluateSequential(FindOps.java:150)
at java.base/java.util.stream.AbstractPipeline.evaluate(AbstractPipeline.java:234)
at java.base/java.util.stream.ReferencePipeline.findFirst(ReferencePipeline.java:543)
at org.openqa.selenium.remote.ProtocolHandshake.createSession(ProtocolHandshake.java:128)
at org.openqa.selenium.remote.ProtocolHandshake.createSession(ProtocolHandshake.java:74)
at org.openqa.selenium.remote.HttpCommandExecutor.execute(HttpCommandExecutor.java:136)
at org.openqa.selenium.remote.service.DriverCommandExecutor.execute(DriverCommandExecutor.java:83)
at org.openqa.selenium.remote.RemoteWebDriver.execute(RemoteWebDriver.java:552)
at org.openqa.selenium.remote.RemoteWebDriver.startSession(RemoteWebDriver.java:213)
at org.openqa.selenium.remote.RemoteWebDriver.<init>(RemoteWebDriver.java:131)
at org.openqa.selenium.chrome.ChromeDriver.<init>(ChromeDriver.java:181)
at org.openqa.selenium.chrome.ChromeDriver.<init>(ChromeDriver.java:168)
at org.openqa.selenium.chrome.ChromeDriver.<init>(ChromeDriver.java:123)
at DataProvider.DataProviderParallel.login(DataProviderParallel.java:37)
at java.base/jdk.internal.reflect.NativeMethodAccessorImpl.invoke0(Native Method)
at java.base/jdk.internal.reflect.NativeMethodAccessorImpl.invoke(NativeMethodAccessorImpl.java:64)
at java.base/jdk.internal.reflect.DelegatingMethodAccessorImpl.invoke(DelegatingMethodAccessorImpl.java:43)
at java.base/java.lang.reflect.Method.invoke(Method.java:564)
at org.testng.internal.MethodInvocationHelper.invokeMethod(MethodInvocationHelper.java:133)
at org.testng.internal.TestInvoker.invokeMethod(TestInvoker.java:598)
at org.testng.internal.TestInvoker.invokeTestMethod(TestInvoker.java:173)
at org.testng.internal.TestMethodWithDataProviderMethodWorker.call(TestMethodWithDataProviderMethodWorker.java:77)
at org.testng.internal.TestMethodWithDataProviderMethodWorker.call(TestMethodWithDataProviderMethodWorker.java:15)
at java.base/java.util.concurrent.FutureTask.run(FutureTask.java:264)
at java.base/java.util.concurrent.Executors$RunnableAdapter.call(Executors.java:515)
at java.base/java.util.concurrent.FutureTask.run(FutureTask.java:264)
at java.base/java.util.concurrent.ThreadPoolExecutor.runWorker(ThreadPoolExecutor.java:1130)
at java.base/java.util.concurrent.ThreadPoolExecutor$Worker.run(ThreadPoolExecutor.java:630)
at java.base/java.lang.Thread.run(Thread.java:832)
]]>
    </error>
  </testcase> <!-- login -->
  <system-out/>
  <testcase classname="DataProvider.DataProviderParallel" name="login" time="102.179">
    <error message="unknown error: DevToolsActivePort file doesn&#039;t exist
Build info: version: &#039;3.141.59&#039;, revision: &#039;e82be7d358&#039;, time: &#039;2018-11-14T08:25:48&#039;
System info: host: &#039;ANANDA-PC&#039;, ip: &#039;192.168.43.56&#039;, os.name: &#039;Windows 10&#039;, os.arch: &#039;amd64&#039;, os.version: &#039;10.0&#039;, java.version: &#039;15.0.1&#039;
Driver info: driver.version: ChromeDriver
remote stacktrace: Backtrace:
	Ordinal0 [0x00B33733+2504499]
	Ordinal0 [0x00ACC401+2081793]
	Ordinal0 [0x009D2628+1058344]
	Ordinal0 [0x009EFA12+1178130]
	Ordinal0 [0x009EC366+1164134]
	Ordinal0 [0x009E9DC3+1154499]
	Ordinal0 [0x00A19B82+1350530]
	Ordinal0 [0x00A197DA+1349594]
	Ordinal0 [0x00A15D4B+1334603]
	Ordinal0 [0x009F22B4+1188532]
	Ordinal0 [0x009F3149+1192265]
	GetHandleVerifier [0x00CAFB8C+1512252]
	GetHandleVerifier [0x00D5B0DF+2214031]
	GetHandleVerifier [0x00BB4BC3+484211]
	GetHandleVerifier [0x00BB3E69+480793]
	Ordinal0 [0x00AD218D+2105741]
	Ordinal0 [0x00AD66E8+2123496]
	Ordinal0 [0x00AD6827+2123815]
	Ordinal0 [0x00ADFB73+2161523]
	BaseThreadInitThunk [0x752C6359+25]
	RtlGetAppContainerNamedObjectPath [0x76F087A4+228]
	RtlGetAppContainerNamedObjectPath [0x76F08774+180]
" type="org.openqa.selenium.WebDriverException">
      <![CDATA[org.openqa.selenium.WebDriverException: unknown error: DevToolsActivePort file doesn't exist
Build info: version: '3.141.59', revision: 'e82be7d358', time: '2018-11-14T08:25:48'
System info: host: 'ANANDA-PC', ip: '192.168.43.56', os.name: 'Windows 10', os.arch: 'amd64', os.version: '10.0', java.version: '15.0.1'
Driver info: driver.version: ChromeDriver
remote stacktrace: Backtrace:
Ordinal0 [0x00B33733+2504499]
Ordinal0 [0x00ACC401+2081793]
Ordinal0 [0x009D2628+1058344]
Ordinal0 [0x009EFA12+1178130]
Ordinal0 [0x009EC366+1164134]
Ordinal0 [0x009E9DC3+1154499]
Ordinal0 [0x00A19B82+1350530]
Ordinal0 [0x00A197DA+1349594]
Ordinal0 [0x00A15D4B+1334603]
Ordinal0 [0x009F22B4+1188532]
Ordinal0 [0x009F3149+1192265]
GetHandleVerifier [0x00CAFB8C+1512252]
GetHandleVerifier [0x00D5B0DF+2214031]
GetHandleVerifier [0x00BB4BC3+484211]
GetHandleVerifier [0x00BB3E69+480793]
Ordinal0 [0x00AD218D+2105741]
Ordinal0 [0x00AD66E8+2123496]
Ordinal0 [0x00AD6827+2123815]
Ordinal0 [0x00ADFB73+2161523]
BaseThreadInitThunk [0x752C6359+25]
RtlGetAppContainerNamedObjectPath [0x76F087A4+228]
RtlGetAppContainerNamedObjectPath [0x76F08774+180]

at java.base/jdk.internal.reflect.NativeConstructorAccessorImpl.newInstance0(Native Method)
at java.base/jdk.internal.reflect.NativeConstructorAccessorImpl.newInstance(NativeConstructorAccessorImpl.java:64)
at java.base/jdk.internal.reflect.DelegatingConstructorAccessorImpl.newInstance(DelegatingConstructorAccessorImpl.java:45)
at java.base/java.lang.reflect.Constructor.newInstanceWithCaller(Constructor.java:500)
at java.base/java.lang.reflect.Constructor.newInstance(Constructor.java:481)
at org.openqa.selenium.remote.W3CHandshakeResponse.lambda$errorHandler$0(W3CHandshakeResponse.java:62)
at org.openqa.selenium.remote.HandshakeResponse.lambda$getResponseFunction$0(HandshakeResponse.java:30)
at org.openqa.selenium.remote.ProtocolHandshake.lambda$createSession$0(ProtocolHandshake.java:126)
at java.base/java.util.stream.ReferencePipeline$3$1.accept(ReferencePipeline.java:195)
at java.base/java.util.Spliterators$ArraySpliterator.tryAdvance(Spliterators.java:958)
at java.base/java.util.stream.ReferencePipeline.forEachWithCancel(ReferencePipeline.java:127)
at java.base/java.util.stream.AbstractPipeline.copyIntoWithCancel(AbstractPipeline.java:502)
at java.base/java.util.stream.AbstractPipeline.copyInto(AbstractPipeline.java:488)
at java.base/java.util.stream.AbstractPipeline.wrapAndCopyInto(AbstractPipeline.java:474)
at java.base/java.util.stream.FindOps$FindOp.evaluateSequential(FindOps.java:150)
at java.base/java.util.stream.AbstractPipeline.evaluate(AbstractPipeline.java:234)
at java.base/java.util.stream.ReferencePipeline.findFirst(ReferencePipeline.java:543)
at org.openqa.selenium.remote.ProtocolHandshake.createSession(ProtocolHandshake.java:128)
at org.openqa.selenium.remote.ProtocolHandshake.createSession(ProtocolHandshake.java:74)
at org.openqa.selenium.remote.HttpCommandExecutor.execute(HttpCommandExecutor.java:136)
at org.openqa.selenium.remote.service.DriverCommandExecutor.execute(DriverCommandExecutor.java:83)
at org.openqa.selenium.remote.RemoteWebDriver.execute(RemoteWebDriver.java:552)
at org.openqa.selenium.remote.RemoteWebDriver.startSession(RemoteWebDriver.java:213)
at org.openqa.selenium.remote.RemoteWebDriver.<init>(RemoteWebDriver.java:131)
at org.openqa.selenium.chrome.ChromeDriver.<init>(ChromeDriver.java:181)
at org.openqa.selenium.chrome.ChromeDriver.<init>(ChromeDriver.java:168)
at org.openqa.selenium.chrome.ChromeDriver.<init>(ChromeDriver.java:123)
at DataProvider.DataProviderParallel.login(DataProviderParallel.java:37)
at java.base/jdk.internal.reflect.NativeMethodAccessorImpl.invoke0(Native Method)
at java.base/jdk.internal.reflect.NativeMethodAccessorImpl.invoke(NativeMethodAccessorImpl.java:64)
at java.base/jdk.internal.reflect.DelegatingMethodAccessorImpl.invoke(DelegatingMethodAccessorImpl.java:43)
at java.base/java.lang.reflect.Method.invoke(Method.java:564)
at org.testng.internal.MethodInvocationHelper.invokeMethod(MethodInvocationHelper.java:133)
at org.testng.internal.TestInvoker.invokeMethod(TestInvoker.java:598)
at org.testng.internal.TestInvoker.invokeTestMethod(TestInvoker.java:173)
at org.testng.internal.TestMethodWithDataProviderMethodWorker.call(TestMethodWithDataProviderMethodWorker.java:77)
at org.testng.internal.TestMethodWithDataProviderMethodWorker.call(TestMethodWithDataProviderMethodWorker.java:15)
at java.base/java.util.concurrent.FutureTask.run(FutureTask.java:264)
at java.base/java.util.concurrent.Executors$RunnableAdapter.call(Executors.java:515)
at java.base/java.util.concurrent.FutureTask.run(FutureTask.java:264)
at java.base/java.util.concurrent.ThreadPoolExecutor.runWorker(ThreadPoolExecutor.java:1130)
at java.base/java.util.concurrent.ThreadPoolExecutor$Worker.run(ThreadPoolExecutor.java:630)
at java.base/java.lang.Thread.run(Thread.java:832)
]]>
    </error>
  </testcase> <!-- login -->
  <system-out/>
  <testcase classname="DataProvider.DataProviderParallel" name="login" time="102.181">
    <error message="unknown error: DevToolsActivePort file doesn&#039;t exist
Build info: version: &#039;3.141.59&#039;, revision: &#039;e82be7d358&#039;, time: &#039;2018-11-14T08:25:48&#039;
System info: host: &#039;ANANDA-PC&#039;, ip: &#039;192.168.43.56&#039;, os.name: &#039;Windows 10&#039;, os.arch: &#039;amd64&#039;, os.version: &#039;10.0&#039;, java.version: &#039;15.0.1&#039;
Driver info: driver.version: ChromeDriver
remote stacktrace: Backtrace:
	Ordinal0 [0x00B33733+2504499]
	Ordinal0 [0x00ACC401+2081793]
	Ordinal0 [0x009D2628+1058344]
	Ordinal0 [0x009EFA12+1178130]
	Ordinal0 [0x009EC366+1164134]
	Ordinal0 [0x009E9DC3+1154499]
	Ordinal0 [0x00A19B82+1350530]
	Ordinal0 [0x00A197DA+1349594]
	Ordinal0 [0x00A15D4B+1334603]
	Ordinal0 [0x009F22B4+1188532]
	Ordinal0 [0x009F3149+1192265]
	GetHandleVerifier [0x00CAFB8C+1512252]
	GetHandleVerifier [0x00D5B0DF+2214031]
	GetHandleVerifier [0x00BB4BC3+484211]
	GetHandleVerifier [0x00BB3E69+480793]
	Ordinal0 [0x00AD218D+2105741]
	Ordinal0 [0x00AD66E8+2123496]
	Ordinal0 [0x00AD6827+2123815]
	Ordinal0 [0x00ADFB73+2161523]
	BaseThreadInitThunk [0x752C6359+25]
	RtlGetAppContainerNamedObjectPath [0x76F087A4+228]
	RtlGetAppContainerNamedObjectPath [0x76F08774+180]
" type="org.openqa.selenium.WebDriverException">
      <![CDATA[org.openqa.selenium.WebDriverException: unknown error: DevToolsActivePort file doesn't exist
Build info: version: '3.141.59', revision: 'e82be7d358', time: '2018-11-14T08:25:48'
System info: host: 'ANANDA-PC', ip: '192.168.43.56', os.name: 'Windows 10', os.arch: 'amd64', os.version: '10.0', java.version: '15.0.1'
Driver info: driver.version: ChromeDriver
remote stacktrace: Backtrace:
Ordinal0 [0x00B33733+2504499]
Ordinal0 [0x00ACC401+2081793]
Ordinal0 [0x009D2628+1058344]
Ordinal0 [0x009EFA12+1178130]
Ordinal0 [0x009EC366+1164134]
Ordinal0 [0x009E9DC3+1154499]
Ordinal0 [0x00A19B82+1350530]
Ordinal0 [0x00A197DA+1349594]
Ordinal0 [0x00A15D4B+1334603]
Ordinal0 [0x009F22B4+1188532]
Ordinal0 [0x009F3149+1192265]
GetHandleVerifier [0x00CAFB8C+1512252]
GetHandleVerifier [0x00D5B0DF+2214031]
GetHandleVerifier [0x00BB4BC3+484211]
GetHandleVerifier [0x00BB3E69+480793]
Ordinal0 [0x00AD218D+2105741]
Ordinal0 [0x00AD66E8+2123496]
Ordinal0 [0x00AD6827+2123815]
Ordinal0 [0x00ADFB73+2161523]
BaseThreadInitThunk [0x752C6359+25]
RtlGetAppContainerNamedObjectPath [0x76F087A4+228]
RtlGetAppContainerNamedObjectPath [0x76F08774+180]

at java.base/jdk.internal.reflect.NativeConstructorAccessorImpl.newInstance0(Native Method)
at java.base/jdk.internal.reflect.NativeConstructorAccessorImpl.newInstance(NativeConstructorAccessorImpl.java:64)
at java.base/jdk.internal.reflect.DelegatingConstructorAccessorImpl.newInstance(DelegatingConstructorAccessorImpl.java:45)
at java.base/java.lang.reflect.Constructor.newInstanceWithCaller(Constructor.java:500)
at java.base/java.lang.reflect.Constructor.newInstance(Constructor.java:481)
at org.openqa.selenium.remote.W3CHandshakeResponse.lambda$errorHandler$0(W3CHandshakeResponse.java:62)
at org.openqa.selenium.remote.HandshakeResponse.lambda$getResponseFunction$0(HandshakeResponse.java:30)
at org.openqa.selenium.remote.ProtocolHandshake.lambda$createSession$0(ProtocolHandshake.java:126)
at java.base/java.util.stream.ReferencePipeline$3$1.accept(ReferencePipeline.java:195)
at java.base/java.util.Spliterators$ArraySpliterator.tryAdvance(Spliterators.java:958)
at java.base/java.util.stream.ReferencePipeline.forEachWithCancel(ReferencePipeline.java:127)
at java.base/java.util.stream.AbstractPipeline.copyIntoWithCancel(AbstractPipeline.java:502)
at java.base/java.util.stream.AbstractPipeline.copyInto(AbstractPipeline.java:488)
at java.base/java.util.stream.AbstractPipeline.wrapAndCopyInto(AbstractPipeline.java:474)
at java.base/java.util.stream.FindOps$FindOp.evaluateSequential(FindOps.java:150)
at java.base/java.util.stream.AbstractPipeline.evaluate(AbstractPipeline.java:234)
at java.base/java.util.stream.ReferencePipeline.findFirst(ReferencePipeline.java:543)
at org.openqa.selenium.remote.ProtocolHandshake.createSession(ProtocolHandshake.java:128)
at org.openqa.selenium.remote.ProtocolHandshake.createSession(ProtocolHandshake.java:74)
at org.openqa.selenium.remote.HttpCommandExecutor.execute(HttpCommandExecutor.java:136)
at org.openqa.selenium.remote.service.DriverCommandExecutor.execute(DriverCommandExecutor.java:83)
at org.openqa.selenium.remote.RemoteWebDriver.execute(RemoteWebDriver.java:552)
at org.openqa.selenium.remote.RemoteWebDriver.startSession(RemoteWebDriver.java:213)
at org.openqa.selenium.remote.RemoteWebDriver.<init>(RemoteWebDriver.java:131)
at org.openqa.selenium.chrome.ChromeDriver.<init>(ChromeDriver.java:181)
at org.openqa.selenium.chrome.ChromeDriver.<init>(ChromeDriver.java:168)
at org.openqa.selenium.chrome.ChromeDriver.<init>(ChromeDriver.java:123)
at DataProvider.DataProviderParallel.login(DataProviderParallel.java:37)
at java.base/jdk.internal.reflect.NativeMethodAccessorImpl.invoke0(Native Method)
at java.base/jdk.internal.reflect.NativeMethodAccessorImpl.invoke(NativeMethodAccessorImpl.java:64)
at java.base/jdk.internal.reflect.DelegatingMethodAccessorImpl.invoke(DelegatingMethodAccessorImpl.java:43)
at java.base/java.lang.reflect.Method.invoke(Method.java:564)
at org.testng.internal.MethodInvocationHelper.invokeMethod(MethodInvocationHelper.java:133)
at org.testng.internal.TestInvoker.invokeMethod(TestInvoker.java:598)
at org.testng.internal.TestInvoker.invokeTestMethod(TestInvoker.java:173)
at org.testng.internal.TestMethodWithDataProviderMethodWorker.call(TestMethodWithDataProviderMethodWorker.java:77)
at org.testng.internal.TestMethodWithDataProviderMethodWorker.call(TestMethodWithDataProviderMethodWorker.java:15)
at java.base/java.util.concurrent.FutureTask.run(FutureTask.java:264)
at java.base/java.util.concurrent.Executors$RunnableAdapter.call(Executors.java:515)
at java.base/java.util.concurrent.FutureTask.run(FutureTask.java:264)
at java.base/java.util.concurrent.ThreadPoolExecutor.runWorker(ThreadPoolExecutor.java:1130)
at java.base/java.util.concurrent.ThreadPoolExecutor$Worker.run(ThreadPoolExecutor.java:630)
at java.base/java.lang.Thread.run(Thread.java:832)
]]>
    </error>
  </testcase> <!-- login -->
  <system-out/>
</testsuite> <!-- DataProvider.DataProviderParallel -->
